<?xml version="1.0" encoding="UTF-8"?>
<!-- Generated by org.testng.reporters.JUnitReportReporter -->
<testsuite skipped="0" hostname="Megh-Laptop" name="org.example.TestSuit" tests="3" failures="0" timestamp="2020-03-26T18:22:06 GMT" time="20.633" errors="0">
  <testcase name="printPriceForEachProduct" time="0.295" classname="org.example.TestSuit"/>
  <system-out/>
  <testcase name="userShouldAbleToRegisterSuccessfully" time="10.082" classname="org.example.TestSuit"/>
  <system-out/>
  <testcase name="userShouldBeAbleToCurrencyChange" time="10.256" classname="org.example.TestSuit"/>
  <system-out/>
</testsuite> <!-- org.example.TestSuit -->
